<?xml version="1.0" encoding="UTF-8"?>
<!-- Generated by org.testng.reporters.JUnitXMLReporter -->
<testsuite ignored="0" hostname="DESKTOP-EMLR0Q3" failures="0" tests="5" name="Default test" time="7.89" errors="0" timestamp="2025-02-05T15:21:09 IST">
  <testcase classname="TestNG.Parameterization.paramTest" name="setup" time="7.613"/>
  <testcase classname="TestNG.Parameterization.paramTest" name="testLogo" time="0.047"/>
  <testcase classname="TestNG.Parameterization.paramTest" name="testTitle" time="0.01"/>
  <testcase classname="TestNG.Parameterization.paramTest" name="testUrl" time="0.008"/>
  <testcase classname="TestNG.Parameterization.paramTest" name="teardown" time="0.169"/>
</testsuite> <!-- Default test -->
