<?xml version="1.0" encoding="UTF-8"?>
<!-- Generated by org.testng.reporters.JUnitXMLReporter -->
<testsuite ignored="0" hostname="DESKTOP-EMLR0Q3" failures="0" tests="4" name="Default test" time="14.372" errors="0" timestamp="2025-02-04T02:28:53 IST">
  <testcase classname="TestNG.orangeHRMTest" name="openApp" time="10.622"/>
  <testcase classname="TestNG.orangeHRMTest" name="logoDis" time="3.087"/>
  <testcase classname="TestNG.orangeHRMTest" name="login" time="0.252"/>
  <testcase classname="TestNG.orangeHRMTest" name="closeApp" time="0.334"/>
</testsuite> <!-- Default test -->
