<?xml version="1.0" encoding="UTF-8"?>
<!-- Generated by org.testng.reporters.JUnitXMLReporter -->
<testsuite ignored="0" hostname="DESKTOP-EMLR0Q3" failures="0" tests="3" name="edgeTest" time="9.117" errors="0" timestamp="2025-02-05T22:05:29 IST">
  <testcase classname="TestNG.Parameterization.paramTest" name="testLogo" time="0.056"/>
  <testcase classname="TestNG.Parameterization.paramTest" name="testTitle" time="0.014"/>
  <testcase classname="TestNG.Parameterization.paramTest" name="testUrl" time="0.009"/>
</testsuite> <!-- edgeTest -->
